<?xml version="1.0" encoding="UTF-8"?>
<testng-results skipped="0" failed="0" total="1" passed="1">
  <reporter-output>
    <line>
      <![CDATA[Login Test Passed ===========]]>
    </line>
  </reporter-output>
  <suite name="Default suite" duration-ms="10030" started-at="2018-08-12T23:11:31Z" finished-at="2018-08-12T23:11:41Z">
    <groups>
    </groups>
    <test name="Default test" duration-ms="10030" started-at="2018-08-12T23:11:31Z" finished-at="2018-08-12T23:11:41Z">
      <class name="Login">
        <test-method status="PASS" signature="browser()[pri:0, instance:Login@51565ec2]" name="browser" is-config="true" duration-ms="5959" started-at="2018-08-12T19:11:31Z" finished-at="2018-08-12T19:11:37Z">
          <reporter-output>
          </reporter-output>
        </test-method> <!-- browser -->
        <test-method status="PASS" signature="login()[pri:0, instance:Login@51565ec2]" name="login" duration-ms="3119" started-at="2018-08-12T19:11:37Z" finished-at="2018-08-12T19:11:40Z">
          <reporter-output>
            <line>
              <![CDATA[Login Test Passed ===========]]>
            </line>
          </reporter-output>
        </test-method> <!-- login -->
        <test-method status="PASS" signature="closebrowser()[pri:0, instance:Login@51565ec2]" name="closebrowser" is-config="true" duration-ms="935" started-at="2018-08-12T19:11:40Z" finished-at="2018-08-12T19:11:41Z">
          <reporter-output>
          </reporter-output>
        </test-method> <!-- closebrowser -->
      </class> <!-- Login -->
    </test> <!-- Default test -->
  </suite> <!-- Default suite -->
</testng-results>
